c:\users\john\documents\pelles c projects\babyc2\debug\vc142.pdb
c:\users\john\documents\pelles c projects\babyc2\debug\syntax.obj
c:\users\john\documents\pelles c projects\babyc2\debug\log_error.obj
c:\users\john\documents\pelles c projects\babyc2\debug\list.obj
c:\users\john\documents\pelles c projects\babyc2\debug\ast_integer.obj
c:\users\john\documents\pelles c projects\babyc2\debug\ast_annotate.obj
c:\users\john\documents\pelles c projects\babyc2\debug\assembly_unary_op.obj
c:\users\john\documents\pelles c projects\babyc2\debug\assembly_condition_op.obj
c:\users\john\documents\pelles c projects\babyc2\debug\assembly_binary_op.obj
c:\users\john\documents\pelles c projects\babyc2\debug\assembly.obj
c:\users\john\documents\pelles c projects\babyc-ng\debug\vc142.pdb
c:\users\john\documents\pelles c projects\babyc-ng\debug\syntax.obj
c:\users\john\documents\pelles c projects\babyc-ng\debug\main.obj
c:\users\john\documents\pelles c projects\babyc-ng\debug\log_error.obj
c:\users\john\documents\pelles c projects\babyc-ng\debug\list.obj
c:\users\john\documents\pelles c projects\babyc-ng\debug\ast_integer.obj
c:\users\john\documents\pelles c projects\babyc-ng\debug\ast_annotate.obj
c:\users\john\documents\pelles c projects\babyc-ng\debug\assembly_unary_op.obj
c:\users\john\documents\pelles c projects\babyc-ng\debug\assembly_condition_op.obj
c:\users\john\documents\pelles c projects\babyc-ng\debug\assembly_binary_op.obj
c:\users\john\documents\pelles c projects\babyc-ng\debug\assembly.obj
c:\users\john\documents\pelles c projects\babyc-ng\debug\babc.tlog\cl.command.1.tlog
c:\users\john\documents\pelles c projects\babyc-ng\debug\babc.tlog\cl.read.1.tlog
c:\users\john\documents\pelles c projects\babyc-ng\debug\babc.tlog\cl.write.1.tlog
